2020-09-23 17:42:23.639 15580:00000001 (BlueStacksInstaller) INFO: Successfully populated en-US strings
2020-09-23 17:42:23.639 15580:00000001 (BlueStacksInstaller) INFO: Successfully populated en-US strings
2020-09-23 17:42:23.655 15580:00000001 (BlueStacksInstaller) INFO: Successfully populated es-ES strings
2020-09-23 17:42:23.655 15580:00000001 (BlueStacksInstaller) INFO: Populated strings for es-ES: True
2020-09-23 17:42:23.663 15580:00000001 (BlueStacksInstaller) INFO: Old version: 4.215.0.1019, new version: 4.230.20.1001
2020-09-23 17:42:23.729 15580:00000001 (BlueStacksInstaller) WARNING: Failed to set registry value at Software\BlueStacksInstaller for VersionMachineId_4.230.20.1001:ee94b2a6-2a42-4003-9327-303fb328aa9a
2020-09-23 17:42:23.745 15580:00000001 (BlueStacksInstaller) INFO: FileName: BlueStacksInstaller_4.230.20.1001_native_823ef6e15ed65bcff93d6f94fe845b64_QW1vbmcgVXM=.exe
2020-09-23 17:42:23.745 15580:00000001 (BlueStacksInstaller) INFO: Campaign: 823ef6e15ed65bcff93d6f94fe845b64
2020-09-23 17:42:23.755 15580:00000001 (BlueStacksInstaller) INFO: Sending: mi_launched, , 
2020-09-23 17:42:24.437 15580:00000005 (BlueStacksInstaller) INFO: Sending: mi_uac_prompted, , 
2020-09-23 17:42:35.102 15580:00000001 (BlueStacksInstaller) ERROR: Could not start admin process. Error: El usuario ha cancelado la operación
2020-09-23 17:43:06.045 15580:00000001 (BlueStacksInstaller) INFO: Sending: mi_uac_prompt_retried, , 
2020-09-23 17:43:06.341 15580:00000005 (BlueStacksInstaller) INFO: Sending: mi_uac_prompted, , 
2020-09-23 17:43:08.767 19028:00000001 (BlueStacksInstaller) INFO: Successfully populated en-US strings
2020-09-23 17:43:08.767 19028:00000001 (BlueStacksInstaller) INFO: Successfully populated en-US strings
2020-09-23 17:43:08.776 19028:00000001 (BlueStacksInstaller) INFO: Successfully populated es-ES strings
2020-09-23 17:43:08.776 19028:00000001 (BlueStacksInstaller) INFO: Populated strings for es-ES: True
2020-09-23 17:43:08.776 19028:00000001 (BlueStacksInstaller) INFO: Old version: 4.215.0.1019, new version: 4.230.20.1001
2020-09-23 17:43:08.786 19028:00000004 (BlueStacksInstaller) INFO: Sending: mi_admin_launched, , 
2020-09-23 17:43:08.823 19028:00000001 (BlueStacksInstaller) INFO: Returning PDDir: C:\ProgramData\BlueStacks
2020-09-23 17:43:08.823 19028:00000001 (BlueStacksInstaller) INFO: Returning PFDir: C:\Program Files\BlueStacks
2020-09-23 17:43:10.710 19028:00000007 (BlueStacksInstaller) INFO: The json response for get_installer_images 823ef6e15ed65bcff93d6f94fe845b64 is {"installer_images": ["https://cdn-bgp.bluestacks.com/bgp/fle_images/installer/com.innersloth.spacemafia/1.jpg?2020-09-07T13:30:09.000Z"]}
2020-09-23 17:43:11.249 19028:0000000A (BlueStacksInstaller) INFO: Sending: mi_license_agreed, , 
2020-09-23 17:43:11.249 19028:00000001 (BlueStacksInstaller) INFO: Checking for physical memory
2020-09-23 17:43:11.377 19028:00000001 (BlueStacksInstaller) INFO: Available: 3849 MB, Required: 1024 MB
2020-09-23 17:43:11.377 19028:00000001 (BlueStacksInstaller) INFO: HDD space available datadir: 168 GB
2020-09-23 17:43:11.377 19028:0000000E (BlueStacksInstaller) INFO: Sending: mi_checks_passed, , 
2020-09-23 17:43:11.377 19028:00000001 (BlueStacksInstaller) INFO: Temp download path: C:\Users\LUCIANA\AppData\Local\Temp\BlueStacksInstaller_4.230.20.1001_native_823ef6e15ed65bcff93d6f94fe845b64_QW1vbmcgVXM=.exe
2020-09-23 17:43:11.377 19028:00000001 (BlueStacksInstaller) INFO: Installer file path: C:\Users\LUCIANA\AppData\Local\BlueStacksSetup\BlueStacksInstaller_4.230.20.1001_native_823ef6e15ed65bcff93d6f94fe845b64_QW1vbmcgVXM=.exe
2020-09-23 17:43:11.385 19028:0000000F (BlueStacksInstaller) INFO: Download url: http://cdn3.bluestacks.com/downloads/windows/bgp/4.230.20.1001/1ae0bdcd1662730d450c373df15602d0/x64/BlueStacks-Installer_4.230.20.1001_amd64_native.exe?filename=BlueStacksInstaller_4.230.20.1001_native_823ef6e15ed65bcff93d6f94fe845b64_QW1vbmcgVXM=.exe
2020-09-23 17:43:11.552 19028:00000010 (BlueStacksInstaller) INFO: Sending: mi_download_started, , 
2020-09-23 17:43:13.824 19028:00000007 (BlueStacksInstaller) INFO: Status timer tick, mIsDownloading: True
2020-09-23 17:43:13.824 19028:00000007 (BlueStacksInstaller) INFO: LastRecorded: 0, Downloaded: 11259288
2020-09-23 17:43:18.833 19028:00000007 (BlueStacksInstaller) INFO: Status timer tick, mIsDownloading: True
2020-09-23 17:43:18.833 19028:00000007 (BlueStacksInstaller) INFO: LastRecorded: 11259288, Downloaded: 28920584
2020-09-23 17:43:23.852 19028:00000007 (BlueStacksInstaller) INFO: Status timer tick, mIsDownloading: True
2020-09-23 17:43:23.852 19028:00000007 (BlueStacksInstaller) INFO: LastRecorded: 28920584, Downloaded: 45203768
2020-09-23 17:43:28.855 19028:00000009 (BlueStacksInstaller) INFO: Status timer tick, mIsDownloading: True
2020-09-23 17:43:28.855 19028:00000009 (BlueStacksInstaller) INFO: LastRecorded: 45203768, Downloaded: 60902384
2020-09-23 17:43:33.866 19028:00000009 (BlueStacksInstaller) INFO: Status timer tick, mIsDownloading: True
2020-09-23 17:43:33.866 19028:00000009 (BlueStacksInstaller) INFO: LastRecorded: 60902384, Downloaded: 76469684
2020-09-23 17:43:38.881 19028:00000009 (BlueStacksInstaller) INFO: Status timer tick, mIsDownloading: True
2020-09-23 17:43:38.881 19028:00000009 (BlueStacksInstaller) INFO: LastRecorded: 76469684, Downloaded: 92579192
2020-09-23 17:43:43.888 19028:00000009 (BlueStacksInstaller) INFO: Status timer tick, mIsDownloading: True
2020-09-23 17:43:43.888 19028:00000009 (BlueStacksInstaller) INFO: LastRecorded: 92579192, Downloaded: 106224760
2020-09-23 17:43:48.892 19028:00000009 (BlueStacksInstaller) INFO: Status timer tick, mIsDownloading: True
2020-09-23 17:43:48.892 19028:00000009 (BlueStacksInstaller) INFO: LastRecorded: 106224760, Downloaded: 123828164
2020-09-23 17:43:53.893 19028:00000007 (BlueStacksInstaller) INFO: Status timer tick, mIsDownloading: True
2020-09-23 17:43:53.893 19028:00000007 (BlueStacksInstaller) INFO: LastRecorded: 123828164, Downloaded: 136810092
2020-09-23 17:43:58.903 19028:00000009 (BlueStacksInstaller) INFO: Status timer tick, mIsDownloading: True
2020-09-23 17:43:58.903 19028:00000009 (BlueStacksInstaller) INFO: LastRecorded: 136810092, Downloaded: 149208864
2020-09-23 17:44:03.909 19028:00000009 (BlueStacksInstaller) INFO: Status timer tick, mIsDownloading: True
2020-09-23 17:44:03.909 19028:00000009 (BlueStacksInstaller) INFO: LastRecorded: 149208864, Downloaded: 164145000
2020-09-23 17:44:08.917 19028:00000007 (BlueStacksInstaller) INFO: Status timer tick, mIsDownloading: True
2020-09-23 17:44:08.917 19028:00000007 (BlueStacksInstaller) INFO: LastRecorded: 164145000, Downloaded: 180332168
2020-09-23 17:44:13.923 19028:00000010 (BlueStacksInstaller) INFO: Status timer tick, mIsDownloading: True
2020-09-23 17:44:13.923 19028:00000010 (BlueStacksInstaller) INFO: LastRecorded: 180332168, Downloaded: 196039256
2020-09-23 17:44:18.927 19028:00000009 (BlueStacksInstaller) INFO: Status timer tick, mIsDownloading: True
2020-09-23 17:44:18.927 19028:00000009 (BlueStacksInstaller) INFO: LastRecorded: 196039256, Downloaded: 211719516
2020-09-23 17:44:23.932 19028:00000010 (BlueStacksInstaller) INFO: Status timer tick, mIsDownloading: True
2020-09-23 17:44:23.932 19028:00000010 (BlueStacksInstaller) INFO: LastRecorded: 211719516, Downloaded: 228036588
2020-09-23 17:44:28.938 19028:00000009 (BlueStacksInstaller) INFO: Status timer tick, mIsDownloading: True
2020-09-23 17:44:28.938 19028:00000009 (BlueStacksInstaller) INFO: LastRecorded: 228036588, Downloaded: 243728144
2020-09-23 17:44:33.947 19028:00000007 (BlueStacksInstaller) INFO: Status timer tick, mIsDownloading: True
2020-09-23 17:44:33.947 19028:00000007 (BlueStacksInstaller) INFO: LastRecorded: 243728144, Downloaded: 259296856
2020-09-23 17:44:38.948 19028:00000010 (BlueStacksInstaller) INFO: Status timer tick, mIsDownloading: True
2020-09-23 17:44:38.948 19028:00000010 (BlueStacksInstaller) INFO: LastRecorded: 259296856, Downloaded: 272966428
2020-09-23 17:44:43.952 19028:00000008 (BlueStacksInstaller) INFO: Status timer tick, mIsDownloading: True
2020-09-23 17:44:43.952 19028:00000008 (BlueStacksInstaller) INFO: LastRecorded: 272966428, Downloaded: 287961868
2020-09-23 17:44:48.955 19028:00000009 (BlueStacksInstaller) INFO: Status timer tick, mIsDownloading: True
2020-09-23 17:44:48.955 19028:00000009 (BlueStacksInstaller) INFO: LastRecorded: 287961868, Downloaded: 303555996
2020-09-23 17:44:53.958 19028:00000010 (BlueStacksInstaller) INFO: Status timer tick, mIsDownloading: True
2020-09-23 17:44:53.958 19028:00000010 (BlueStacksInstaller) INFO: LastRecorded: 303555996, Downloaded: 318729348
2020-09-23 17:44:58.969 19028:00000009 (BlueStacksInstaller) INFO: Status timer tick, mIsDownloading: True
2020-09-23 17:44:58.969 19028:00000009 (BlueStacksInstaller) INFO: LastRecorded: 318729348, Downloaded: 333237648
2020-09-23 17:45:03.973 19028:00000010 (BlueStacksInstaller) INFO: Status timer tick, mIsDownloading: True
2020-09-23 17:45:03.973 19028:00000010 (BlueStacksInstaller) INFO: LastRecorded: 333237648, Downloaded: 347860320
2020-09-23 17:45:08.981 19028:00000008 (BlueStacksInstaller) INFO: Status timer tick, mIsDownloading: True
2020-09-23 17:45:08.981 19028:00000008 (BlueStacksInstaller) INFO: LastRecorded: 347860320, Downloaded: 363615416
2020-09-23 17:45:13.984 19028:00000010 (BlueStacksInstaller) INFO: Status timer tick, mIsDownloading: True
2020-09-23 17:45:13.984 19028:00000010 (BlueStacksInstaller) INFO: LastRecorded: 363615416, Downloaded: 378615092
2020-09-23 17:45:18.988 19028:00000007 (BlueStacksInstaller) INFO: Status timer tick, mIsDownloading: True
2020-09-23 17:45:18.988 19028:00000007 (BlueStacksInstaller) INFO: LastRecorded: 378615092, Downloaded: 394231812
2020-09-23 17:45:23.989 19028:00000009 (BlueStacksInstaller) INFO: Status timer tick, mIsDownloading: True
2020-09-23 17:45:23.989 19028:00000009 (BlueStacksInstaller) INFO: LastRecorded: 394231812, Downloaded: 409934664
2020-09-23 17:45:29.002 19028:0000000E (BlueStacksInstaller) INFO: Status timer tick, mIsDownloading: True
2020-09-23 17:45:29.002 19028:0000000E (BlueStacksInstaller) INFO: LastRecorded: 409934664, Downloaded: 423413616
2020-09-23 17:45:34.015 19028:00000010 (BlueStacksInstaller) INFO: Status timer tick, mIsDownloading: True
2020-09-23 17:45:34.015 19028:00000010 (BlueStacksInstaller) INFO: LastRecorded: 423413616, Downloaded: 441001488
2020-09-23 17:45:39.030 19028:0000000E (BlueStacksInstaller) INFO: Status timer tick, mIsDownloading: True
2020-09-23 17:45:39.030 19028:0000000E (BlueStacksInstaller) INFO: LastRecorded: 441001488, Downloaded: 456211552
2020-09-23 17:45:44.033 19028:00000010 (BlueStacksInstaller) INFO: Status timer tick, mIsDownloading: True
2020-09-23 17:45:44.033 19028:00000010 (BlueStacksInstaller) INFO: LastRecorded: 456211552, Downloaded: 471759084
2020-09-23 17:45:49.033 19028:00000009 (BlueStacksInstaller) INFO: Status timer tick, mIsDownloading: True
2020-09-23 17:45:49.033 19028:00000009 (BlueStacksInstaller) INFO: LastRecorded: 471759084, Downloaded: 487473232
2020-09-23 17:45:54.046 19028:00000010 (BlueStacksInstaller) INFO: Status timer tick, mIsDownloading: True
2020-09-23 17:45:54.046 19028:00000010 (BlueStacksInstaller) INFO: LastRecorded: 487473232, Downloaded: 503392120
2020-09-23 17:45:59.050 19028:00000008 (BlueStacksInstaller) INFO: Status timer tick, mIsDownloading: True
2020-09-23 17:45:59.050 19028:00000008 (BlueStacksInstaller) INFO: LastRecorded: 503392120, Downloaded: 519439500
2020-09-23 17:46:04.060 19028:00000007 (BlueStacksInstaller) INFO: Status timer tick, mIsDownloading: True
2020-09-23 17:46:04.060 19028:00000007 (BlueStacksInstaller) INFO: LastRecorded: 519439500, Downloaded: 535807404
2020-09-23 17:46:09.063 19028:00000009 (BlueStacksInstaller) INFO: Status timer tick, mIsDownloading: True
2020-09-23 17:46:09.063 19028:00000009 (BlueStacksInstaller) INFO: LastRecorded: 535807404, Downloaded: 551568148
2020-09-23 17:46:09.734 19028:0000000F (BlueStacksInstaller) INFO: MIsDownloading false
2020-09-23 17:46:09.734 19028:0000000C (BlueStacksInstaller) INFO: Sending: mi_download_completed, , 
2020-09-23 17:46:09.742 19028:0000000A (BlueStacksInstaller) INFO: Installer file moved from C:\Users\LUCIANA\AppData\Local\Temp\BlueStacksInstaller_4.230.20.1001_native_823ef6e15ed65bcff93d6f94fe845b64_QW1vbmcgVXM=.exe to C:\Users\LUCIANA\AppData\Local\BlueStacksSetup\BlueStacksInstaller_4.230.20.1001_native_823ef6e15ed65bcff93d6f94fe845b64_QW1vbmcgVXM=.exe
2020-09-23 17:46:11.399 19028:00000011 (BlueStacksInstaller) INFO: Sending: mi_full_installer_launched, , 
2020-09-23 17:50:27.524 19028:0000000A (BlueStacksInstaller) INFO: Full installer process finished with ExitCode: 0
2020-09-23 17:50:28.066 15580:00000001 (BlueStacksInstaller) INFO: Sending: mi_client_launched, , 
